<?xml version="1.0" encoding="UTF-8"?>
<!-- Generated by org.testng.reporters.JUnitReportReporter -->
<testsuite hostname="Sukanya" failures="0" tests="4" name="TestNG.Sample" time="0.014" errors="0" timestamp="2025-01-23T19:20:52 IST" skipped="1">
  <testcase classname="TestNG.Sample" name="createContact" time="0.001"/>
  <testcase classname="TestNG.Sample" name="deleteContact" time="0.002"/>
  <testcase classname="TestNG.Sample" name="createContact" time="0.011"/>
  <testcase classname="TestNG.Sample" name="modifyContact">
    <skipped/>
  </testcase> <!-- modifyContact -->
</testsuite> <!-- TestNG.Sample -->
