<?xml version="1.0" encoding="UTF-8"?>
<!-- Generated by org.testng.reporters.JUnitReportReporter -->
<testsuite hostname="Sukanya" failures="0" tests="3" name="TestNG.DataProviderEx2" time="0.009" errors="0" timestamp="2025-01-23T20:03:55 IST" skipped="0">
  <testcase classname="TestNG.DataProviderEx2" name="getData" time="0.007"/>
  <testcase classname="TestNG.DataProviderEx2" name="getData" time="0.001"/>
  <testcase classname="TestNG.DataProviderEx2" name="getData" time="0.001"/>
</testsuite> <!-- TestNG.DataProviderEx2 -->
