<?xml version="1.0" encoding="UTF-8"?>
<!-- Generated by org.testng.reporters.JUnitReportReporter -->
<testsuite hostname="Sukanya" failures="0" tests="3" name="TestNG.DataProvider3" time="107.872" errors="0" timestamp="2025-01-23T20:32:51 IST" skipped="0">
  <testcase classname="TestNG.DataProvider3" name="createOrganization" time="26.413"/>
  <testcase classname="TestNG.DataProvider3" name="createOrganization" time="25.541"/>
  <testcase classname="TestNG.DataProvider3" name="createOrganization" time="55.918"/>
</testsuite> <!-- TestNG.DataProvider3 -->
