<?xml version="1.0" encoding="UTF-8"?>
<!-- Generated by org.testng.reporters.JUnitReportReporter -->
<testsuite hostname="Sukanya" failures="0" tests="1" name="TestNG.HardAssertion" time="0.012" errors="0" timestamp="2025-01-28T20:22:04 IST" skipped="0">
  <testcase classname="TestNG.HardAssertion" name="method5" time="0.012"/>
</testsuite> <!-- TestNG.HardAssertion -->
