<?xml version="1.0" encoding="UTF-8"?>
<!-- Generated by org.testng.reporters.JUnitReportReporter -->
<testsuite hostname="Sukanya" failures="0" tests="1" name="organization.CreateOrganization" time="44.182" errors="0" timestamp="2025-01-31T19:36:21 IST" skipped="0">
  <testcase classname="organization.CreateOrganization" name="createOrganization" time="44.182"/>
</testsuite> <!-- organization.CreateOrganization -->
