<?xml version="1.0" encoding="UTF-8"?>
<!-- Generated by org.testng.reporters.JUnitReportReporter -->
<testsuite hostname="Sukanya" failures="0" tests="2" name="TestNG.DataProviderEx1" time="0.007" errors="0" timestamp="2025-01-23T19:50:29 IST" skipped="0">
  <testcase classname="TestNG.DataProviderEx1" name="bookTickets" time="0.006"/>
  <testcase classname="TestNG.DataProviderEx1" name="bookTickets" time="0.001"/>
</testsuite> <!-- TestNG.DataProviderEx1 -->
